Mplus VERSION 8.7 (Mac)
MUTHEN & MUTHEN
10/29/2024   2:41 PM

INPUT INSTRUCTIONS

  TITLE:
  Quasi-Circ.
  DATA:
  FILE = "MPlus_Files/quasi_circumplex.dat";

  VARIABLE:
  NAMES = msd mst mhe mac mpo mse mtr mco mbe mun;
   MISSING=.;

  MODEL:
  lmsd by msd*0.8;
   lmst by mst*0.8;
   lmhe by mhe*0.8;
   lmac by mac*0.8;
   lmpo by mpo*0.8;
   lmse by mse*0.8;
   lmtr by mtr*0.8;
   lmco by mco*0.8;
   lmbe by mbe*0.8;
   lmun by mun*0.8;
   msd-mun*0.5;
   lmsd-lmun@0;

   gen by lmsd-lmun@1;

   cos1 by lmsd@1.0;
   cos1 by lmst* 0.99 (c1_02);
   cos1 by lmhe* 0.97 (c1_03);
   cos1 by lmac* 0.58 (c1_04);
   cos1 by lmpo* 0.44 (c1_05);
   cos1 by lmse*-0.17 (c1_06);
   cos1 by lmtr*-0.32 (c1_07);
   cos1 by lmco*-0.28 (c1_08);
   cos1 by lmbe* 0.29 (c1_09);
   cos1 by lmun* 0.91 (c1_10);

   sin1 by lmsd@0.0;
   sin1 by lmst*-0.13 (s1_02);
   sin1 by lmhe* 0.26 (s1_03);
   sin1 by lmac* 0.82 (s1_04);
   sin1 by lmpo* 0.90 (s1_05);
   sin1 by lmse* 0.99 (s1_06);
   sin1 by lmtr* 0.95 (s1_07);
   sin1 by lmco* 0.96 (s1_08);
   sin1 by lmbe* 0.96 (s1_09);
   sin1 by lmun*-0.42 (s1_10);

   gen*0.1 (b0);
   cos1*0.5 (b1);
   sin1*0.5 (b1);

   gen-sin1 with gen-sin1@0;
  MODEL CONSTRAINT:
  b0 > 0;
   b1 > 0;

   b0 = 1 - b1;

   new(tst*0.58);
   new(the*0.42);
   new(tac*1.61);
   new(tpo*1.89);
   new(tse*3.66);
   new(ttr*3.97);
   new(tco*3.46);
   new(tbe*5.08);
   new(tun*5.04);

   c1_02 = cos(tst);  s1_02 = sin(tst);
   c1_03 = cos(the);  s1_03 = sin(the);
   c1_04 = cos(tac);  s1_04 = sin(tac);
   c1_05 = cos(tpo);  s1_05 = sin(tpo);
   c1_06 = cos(tse);  s1_06 = sin(tse);
   c1_07 = cos(ttr);  s1_07 = sin(ttr);
   c1_08 = cos(tco);  s1_08 = sin(tco);
   c1_09 = cos(tbe);  s1_09 = sin(tbe);
   c1_10 = cos(tun);  s1_10 = sin(tun);
  OUTPUT:
  samp tech1 sval;



*** WARNING
  Data set contains cases with missing on all variables.
  These cases were not included in the analysis.
  Number of cases with missing on all variables:  5
   1 WARNING(S) FOUND IN THE INPUT INSTRUCTIONS




Quasi-Circ.

SUMMARY OF ANALYSIS

Number of groups                                                 1
Number of observations                                        1180

Number of dependent variables                                   10
Number of independent variables                                  0
Number of continuous latent variables                           13

Observed dependent variables

  Continuous
   MSD         MST         MHE         MAC         MPO         MSE
   MTR         MCO         MBE         MUN

Continuous latent variables
   LMSD        LMST        LMHE        LMAC        LMPO        LMSE
   LMTR        LMCO        LMBE        LMUN        GEN         COS1
   SIN1


Estimator                                                       ML
Information matrix                                        OBSERVED
Maximum number of iterations                                  1000
Convergence criterion                                    0.500D-04
Maximum number of steepest descent iterations                   20
Maximum number of iterations for H1                           2000
Convergence criterion for H1                             0.100D-03

Input data file(s)
  MPlus_Files/quasi_circumplex.dat

Input data format  FREE


SUMMARY OF DATA

     Number of missing data patterns             6


COVARIANCE COVERAGE OF DATA

Minimum covariance coverage value   0.100


     PROPORTION OF DATA PRESENT


           Covariance Coverage
              MSD           MST           MHE           MAC           MPO
              ________      ________      ________      ________      ________
 MSD            0.999
 MST            0.999         0.999
 MHE            0.998         0.998         0.998
 MAC            0.998         0.998         0.997         0.998
 MPO            0.998         0.998         0.998         0.997         0.998
 MSE            0.997         0.997         0.997         0.997         0.997
 MTR            0.999         0.999         0.998         0.998         0.998
 MCO            0.997         0.997         0.997         0.997         0.997
 MBE            0.999         0.999         0.998         0.998         0.998
 MUN            0.999         0.999         0.998         0.998         0.998


           Covariance Coverage
              MSE           MTR           MCO           MBE           MUN
              ________      ________      ________      ________      ________
 MSE            0.997
 MTR            0.997         0.999
 MCO            0.997         0.997         0.997
 MBE            0.997         0.999         0.997         1.000
 MUN            0.997         0.999         0.997         1.000         1.000


SAMPLE STATISTICS


     ESTIMATED SAMPLE STATISTICS


           Means
              MSD           MST           MHE           MAC           MPO
              ________      ________      ________      ________      ________
                4.771         3.200         3.625         3.659         3.236


           Means
              MSE           MTR           MCO           MBE           MUN
              ________      ________      ________      ________      ________
                4.032         3.780         3.897         5.226         5.142


           Covariances
              MSD           MST           MHE           MAC           MPO
              ________      ________      ________      ________      ________
 MSD            0.679
 MST            0.344         1.148
 MHE            0.214         0.518         1.109
 MAC            0.161         0.156         0.205         1.086
 MPO            0.046         0.118         0.250         0.456         0.779
 MSE           -0.028        -0.196         0.081         0.274         0.322
 MTR           -0.056        -0.127        -0.008         0.031         0.131
 MCO           -0.138        -0.226        -0.029         0.281         0.337
 MBE            0.083         0.020         0.045         0.049        -0.010
 MUN            0.138         0.052         0.044        -0.027        -0.064


           Covariances
              MSE           MTR           MCO           MBE           MUN
              ________      ________      ________      ________      ________
 MSE            1.204
 MTR            0.472         0.998
 MCO            0.623         0.467         1.297
 MBE            0.146         0.133         0.107         0.389
 MUN           -0.040        -0.005        -0.044         0.142         0.382


           Correlations
              MSD           MST           MHE           MAC           MPO
              ________      ________      ________      ________      ________
 MSD            1.000
 MST            0.390         1.000
 MHE            0.246         0.459         1.000
 MAC            0.187         0.139         0.187         1.000
 MPO            0.064         0.125         0.269         0.496         1.000
 MSE           -0.031        -0.167         0.070         0.240         0.332
 MTR           -0.067        -0.118        -0.007         0.030         0.148
 MCO           -0.147        -0.185        -0.024         0.237         0.336
 MBE            0.161         0.031         0.069         0.076        -0.018
 MUN            0.271         0.078         0.067        -0.042        -0.118


           Correlations
              MSE           MTR           MCO           MBE           MUN
              ________      ________      ________      ________      ________
 MSE            1.000
 MTR            0.431         1.000
 MCO            0.499         0.410         1.000
 MBE            0.213         0.213         0.150         1.000
 MUN           -0.060        -0.008        -0.062         0.367         1.000


     MAXIMUM LOG-LIKELIHOOD VALUE FOR THE UNRESTRICTED (H1) MODEL IS -14488.253


UNIVARIATE SAMPLE STATISTICS


     UNIVARIATE HIGHER-ORDER MOMENT DESCRIPTIVE STATISTICS

         Variable/         Mean/     Skewness/   Minimum/ % with                Percentiles
        Sample Size      Variance    Kurtosis    Maximum  Min/Max      20%/60%    40%/80%    Median

     MSD                   4.771      -0.601       1.000    0.08%       4.000      4.500      5.000
            1179.000       0.679       0.201       6.000   10.60%       5.000      5.500
     MST                   3.200       0.080       1.000    2.88%       2.000      3.000      3.000
            1179.000       1.148      -0.506       6.000    0.51%       3.500      4.000
     MHE                   3.626      -0.045       1.000    1.02%       2.500      3.500      3.500
            1178.000       1.109      -0.395       6.000    2.21%       4.000      4.500
     MAC                   3.660      -0.174       1.000    1.44%       3.000      3.500      3.500
            1178.000       1.086      -0.327       6.000    1.78%       4.000      4.500
     MPO                   3.237       0.110       1.000    1.27%       2.500      3.000      3.000
            1178.000       0.779      -0.004       6.000    0.25%       3.500      4.000
     MSE                   4.033      -0.315       1.000    0.51%       3.000      4.000      4.000
            1177.000       1.204      -0.520       6.000    4.16%       4.500      5.000
     MTR                   3.780      -0.196       1.000    0.59%       3.000      3.500      4.000
            1179.000       0.998      -0.312       6.000    1.27%       4.000      4.500
     MCO                   3.897      -0.405       1.000    1.70%       3.000      3.500      4.000
            1177.000       1.297      -0.359       6.000    3.31%       4.500      5.000
     MBE                   5.226      -0.809       1.500    0.08%       5.000      5.000      5.500
            1180.000       0.389       1.166       6.000   22.80%       5.500      6.000
     MUN                   5.142      -0.940       2.000    0.17%       4.667      5.000      5.333
            1180.000       0.382       1.590       6.000   11.61%       5.333      5.667


THE MODEL ESTIMATION TERMINATED NORMALLY



MODEL FIT INFORMATION

Number of Free Parameters                       40

Loglikelihood

          H0 Value                      -14625.600
          H1 Value                      -14488.253

Information Criteria

          Akaike (AIC)                   29331.200
          Bayesian (BIC)                 29534.131
          Sample-Size Adjusted BIC       29407.076
            (n* = (n + 2) / 24)

Chi-Square Test of Model Fit

          Value                            274.693
          Degrees of Freedom                    25
          P-Value                           0.0000

RMSEA (Root Mean Square Error Of Approximation)

          Estimate                           0.092
          90 Percent C.I.                    0.082  0.102
          Probability RMSEA <= .05           0.000

CFI/TLI

          CFI                                0.893
          TLI                                0.807

Chi-Square Test of Model Fit for the Baseline Model

          Value                           2373.087
          Degrees of Freedom                    45
          P-Value                           0.0000

SRMR (Standardized Root Mean Square Residual)

          Value                              0.050



MODEL RESULTS

                                                    Two-Tailed
                    Estimate       S.E.  Est./S.E.    P-Value

 LMSD     BY
    MSD                0.483      0.028     17.336      0.000

 LMST     BY
    MST                0.720      0.036     19.809      0.000

 LMHE     BY
    MHE                0.611      0.035     17.337      0.000

 LMAC     BY
    MAC                0.622      0.034     18.362      0.000

 LMPO     BY
    MPO                0.675      0.028     23.830      0.000

 LMSE     BY
    MSE                0.770      0.032     23.870      0.000

 LMTR     BY
    MTR                0.574      0.032     17.943      0.000

 LMCO     BY
    MCO                0.801      0.033     24.154      0.000

 LMBE     BY
    MBE                0.398      0.025     15.669      0.000

 LMUN     BY
    MUN                0.342      0.024     14.156      0.000

 GEN      BY
    LMSD               1.000      0.000    999.000    999.000
    LMST               1.000      0.000    999.000    999.000
    LMHE               1.000      0.000    999.000    999.000
    LMAC               1.000      0.000    999.000    999.000
    LMPO               1.000      0.000    999.000    999.000
    LMSE               1.000      0.000    999.000    999.000
    LMTR               1.000      0.000    999.000    999.000
    LMCO               1.000      0.000    999.000    999.000
    LMBE               1.000      0.000    999.000    999.000
    LMUN               1.000      0.000    999.000    999.000

 COS1     BY
    LMSD               1.000      0.000    999.000    999.000
    LMST               0.924      0.033     28.199      0.000
    LMHE               0.724      0.071     10.142      0.000
    LMAC              -0.207      0.104     -2.001      0.045
    LMPO              -0.373      0.084     -4.463      0.000
    LMSE              -1.000      0.003   -359.968      0.000
    LMTR              -0.930      0.040    -22.976      0.000
    LMCO              -0.998      0.006   -170.181      0.000
    LMBE              -0.029      0.101     -0.289      0.772
    LMUN               0.538      0.084      6.364      0.000

 SIN1     BY
    LMSD               0.000      0.000    999.000    999.000
    LMST               0.383      0.079      4.838      0.000
    LMHE               0.690      0.075      9.231      0.000
    LMAC               0.978      0.022     44.609      0.000
    LMPO               0.928      0.034     27.571      0.000
    LMSE               0.027      0.101      0.270      0.787
    LMTR              -0.367      0.103     -3.582      0.000
    LMCO               0.062      0.094      0.666      0.505
    LMBE              -1.000      0.003   -340.634      0.000
    LMUN              -0.843      0.054    -15.662      0.000

 GEN      WITH
    COS1               0.000      0.000    999.000    999.000
    SIN1               0.000      0.000    999.000    999.000

 COS1     WITH
    SIN1               0.000      0.000    999.000    999.000

 Intercepts
    MSD                4.771      0.024    199.726      0.000
    MST                3.200      0.031    102.962      0.000
    MHE                3.626      0.031    118.153      0.000
    MAC                3.659      0.030    120.044      0.000
    MPO                3.237      0.026    125.212      0.000
    MSE                4.032      0.032    126.956      0.000
    MTR                3.780      0.029    130.313      0.000
    MCO                3.897      0.033    118.247      0.000
    MBE                5.226      0.018    286.055      0.000
    MUN                5.142      0.018    285.348      0.000

 Variances
    GEN                0.377      0.017     21.608      0.000
    COS1               0.623      0.017     35.667      0.000
    SIN1               0.623      0.017     35.667      0.000

 Residual Variances
    MSD                0.440      0.025     17.453      0.000
    MST                0.620      0.044     14.121      0.000
    MHE                0.737      0.040     18.510      0.000
    MAC                0.708      0.037     19.023      0.000
    MPO                0.332      0.028     11.988      0.000
    MSE                0.595      0.037     16.181      0.000
    MTR                0.662      0.034     19.292      0.000
    MCO                0.637      0.040     16.114      0.000
    MBE                0.236      0.017     13.525      0.000
    MUN                0.266      0.016     16.576      0.000
    LMSD               0.000      0.000    999.000    999.000
    LMST               0.000      0.000    999.000    999.000
    LMHE               0.000      0.000    999.000    999.000
    LMAC               0.000      0.000    999.000    999.000
    LMPO               0.000      0.000    999.000    999.000
    LMSE               0.000      0.000    999.000    999.000
    LMTR               0.000      0.000    999.000    999.000
    LMCO               0.000      0.000    999.000    999.000
    LMBE               0.000      0.000    999.000    999.000
    LMUN               0.000      0.000    999.000    999.000

New/Additional Parameters
    TST                0.393      0.086      4.586      0.000
    THE                0.762      0.103      7.371      0.000
    TAC                1.780      0.106     16.813      0.000
    TPO                1.953      0.090     21.669      0.000
    TSE                3.114      0.101     30.721      0.000
    TTR                3.518      0.110     31.912      0.000
    TCO                3.079      0.094     32.784      0.000
    TBE                4.683      0.101     46.487      0.000
    TUN                5.280      0.100     52.713      0.000


QUALITY OF NUMERICAL RESULTS

     Condition Number for the Information Matrix              0.322E-04
       (ratio of smallest to largest eigenvalue)


MODEL COMMAND WITH FINAL ESTIMATES USED AS STARTING VALUES

     lmsd BY msd*0.48282;
     lmst BY mst*0.72030;
     lmhe BY mhe*0.61058;
     lmac BY mac*0.62214;
     lmpo BY mpo*0.67517;
     lmse BY mse*0.77002;
     lmtr BY mtr*0.57422;
     lmco BY mco*0.80145;
     lmbe BY mbe*0.39761;
     lmun BY mun*0.34175;

     gen BY lmsd@1;
     gen BY lmst@1;
     gen BY lmhe@1;
     gen BY lmac@1;
     gen BY lmpo@1;
     gen BY lmse@1;
     gen BY lmtr@1;
     gen BY lmco@1;
     gen BY lmbe@1;
     gen BY lmun@1;
     cos1 BY lmsd@1;
     cos1 BY lmst*0.92389 (c1_02);
     cos1 BY lmhe*0.72356 (c1_03);
     cos1 BY lmac*-0.20720 (c1_04);
     cos1 BY lmpo*-0.37328 (c1_05);
     cos1 BY lmse*-0.99962 (c1_06);
     cos1 BY lmtr*-0.93012 (c1_07);
     cos1 BY lmco*-0.99805 (c1_08);
     cos1 BY lmbe*-0.02913 (c1_09);
     cos1 BY lmun*0.53753 (c1_10);
     sin1 BY lmsd@0;
     sin1 BY lmst*0.38267 (s1_02);
     sin1 BY lmhe*0.69027 (s1_03);
     sin1 BY lmac*0.97830 (s1_04);
     sin1 BY lmpo*0.92772 (s1_05);
     sin1 BY lmse*0.02739 (s1_06);
     sin1 BY lmtr*-0.36725 (s1_07);
     sin1 BY lmco*0.06244 (s1_08);
     sin1 BY lmbe*-0.99958 (s1_09);
     sin1 BY lmun*-0.84324 (s1_10);

     gen WITH cos1@0;
     gen WITH sin1@0;
     cos1 WITH sin1@0;

     [ msd*4.77060 ];
     [ mst*3.20032 ];
     [ mhe*3.62557 ];
     [ mac*3.65945 ];
     [ mpo*3.23663 ];
     [ mse*4.03184 ];
     [ mtr*3.77996 ];
     [ mco*3.89706 ];
     [ mbe*5.22585 ];
     [ mun*5.14195 ];

     msd*0.43957;
     mst*0.62025;
     mhe*0.73659;
     mac*0.70786;
     mpo*0.33151;
     mse*0.59478;
     mtr*0.66231;
     mco*0.63678;
     mbe*0.23573;
     mun*0.26637;
     lmsd@0;
     lmst@0;
     lmhe@0;
     lmac@0;
     lmpo@0;
     lmse@0;
     lmtr@0;
     lmco@0;
     lmbe@0;
     lmun@0;
     gen*0.37727 (b0);
     cos1*0.62273 (b1);
     sin1*0.62273 (b1);

     ! NEW statements in MODEL CONSTRAINT
     NEW(tst*0.39268);
     NEW(the*0.76186);
     NEW(tac*1.77951);
     NEW(tpo*1.95333);
     NEW(tse*3.11419);
     NEW(ttr*3.51764);
     NEW(tco*3.07911);
     NEW(tbe*4.68326);
     NEW(tun*5.27990);




TECHNICAL 1 OUTPUT


     PARAMETER SPECIFICATION


           NU
              MSD           MST           MHE           MAC           MPO
              ________      ________      ________      ________      ________
                  1             2             3             4             5


           NU
              MSE           MTR           MCO           MBE           MUN
              ________      ________      ________      ________      ________
                  6             7             8             9            10


           LAMBDA
              LMSD          LMST          LMHE          LMAC          LMPO
              ________      ________      ________      ________      ________
 MSD               11             0             0             0             0
 MST                0            12             0             0             0
 MHE                0             0            13             0             0
 MAC                0             0             0            14             0
 MPO                0             0             0             0            15
 MSE                0             0             0             0             0
 MTR                0             0             0             0             0
 MCO                0             0             0             0             0
 MBE                0             0             0             0             0
 MUN                0             0             0             0             0


           LAMBDA
              LMSE          LMTR          LMCO          LMBE          LMUN
              ________      ________      ________      ________      ________
 MSD                0             0             0             0             0
 MST                0             0             0             0             0
 MHE                0             0             0             0             0
 MAC                0             0             0             0             0
 MPO                0             0             0             0             0
 MSE               16             0             0             0             0
 MTR                0            17             0             0             0
 MCO                0             0            18             0             0
 MBE                0             0             0            19             0
 MUN                0             0             0             0            20


           LAMBDA
              GEN           COS1          SIN1
              ________      ________      ________
 MSD                0             0             0
 MST                0             0             0
 MHE                0             0             0
 MAC                0             0             0
 MPO                0             0             0
 MSE                0             0             0
 MTR                0             0             0
 MCO                0             0             0
 MBE                0             0             0
 MUN                0             0             0


           THETA
              MSD           MST           MHE           MAC           MPO
              ________      ________      ________      ________      ________
 MSD               21
 MST                0            22
 MHE                0             0            23
 MAC                0             0             0            24
 MPO                0             0             0             0            25
 MSE                0             0             0             0             0
 MTR                0             0             0             0             0
 MCO                0             0             0             0             0
 MBE                0             0             0             0             0
 MUN                0             0             0             0             0


           THETA
              MSE           MTR           MCO           MBE           MUN
              ________      ________      ________      ________      ________
 MSE               26
 MTR                0            27
 MCO                0             0            28
 MBE                0             0             0            29
 MUN                0             0             0             0            30


           ALPHA
              LMSD          LMST          LMHE          LMAC          LMPO
              ________      ________      ________      ________      ________
                  0             0             0             0             0


           ALPHA
              LMSE          LMTR          LMCO          LMBE          LMUN
              ________      ________      ________      ________      ________
                  0             0             0             0             0


           ALPHA
              GEN           COS1          SIN1
              ________      ________      ________
                  0             0             0


           BETA
              LMSD          LMST          LMHE          LMAC          LMPO
              ________      ________      ________      ________      ________
 LMSD               0             0             0             0             0
 LMST               0             0             0             0             0
 LMHE               0             0             0             0             0
 LMAC               0             0             0             0             0
 LMPO               0             0             0             0             0
 LMSE               0             0             0             0             0
 LMTR               0             0             0             0             0
 LMCO               0             0             0             0             0
 LMBE               0             0             0             0             0
 LMUN               0             0             0             0             0
 GEN                0             0             0             0             0
 COS1               0             0             0             0             0
 SIN1               0             0             0             0             0


           BETA
              LMSE          LMTR          LMCO          LMBE          LMUN
              ________      ________      ________      ________      ________
 LMSD               0             0             0             0             0
 LMST               0             0             0             0             0
 LMHE               0             0             0             0             0
 LMAC               0             0             0             0             0
 LMPO               0             0             0             0             0
 LMSE               0             0             0             0             0
 LMTR               0             0             0             0             0
 LMCO               0             0             0             0             0
 LMBE               0             0             0             0             0
 LMUN               0             0             0             0             0
 GEN                0             0             0             0             0
 COS1               0             0             0             0             0
 SIN1               0             0             0             0             0


           BETA
              GEN           COS1          SIN1
              ________      ________      ________
 LMSD               0             0             0
 LMST               0            31            32
 LMHE               0            33            34
 LMAC               0            35            36
 LMPO               0            37            38
 LMSE               0            39            40
 LMTR               0            41            42
 LMCO               0            43            44
 LMBE               0            45            46
 LMUN               0            47            48
 GEN                0             0             0
 COS1               0             0             0
 SIN1               0             0             0


           PSI
              LMSD          LMST          LMHE          LMAC          LMPO
              ________      ________      ________      ________      ________
 LMSD               0
 LMST               0             0
 LMHE               0             0             0
 LMAC               0             0             0             0
 LMPO               0             0             0             0             0
 LMSE               0             0             0             0             0
 LMTR               0             0             0             0             0
 LMCO               0             0             0             0             0
 LMBE               0             0             0             0             0
 LMUN               0             0             0             0             0
 GEN                0             0             0             0             0
 COS1               0             0             0             0             0
 SIN1               0             0             0             0             0


           PSI
              LMSE          LMTR          LMCO          LMBE          LMUN
              ________      ________      ________      ________      ________
 LMSE               0
 LMTR               0             0
 LMCO               0             0             0
 LMBE               0             0             0             0
 LMUN               0             0             0             0             0
 GEN                0             0             0             0             0
 COS1               0             0             0             0             0
 SIN1               0             0             0             0             0


           PSI
              GEN           COS1          SIN1
              ________      ________      ________
 GEN               49
 COS1               0            50
 SIN1               0             0            50


     PARAMETER SPECIFICATION FOR THE ADDITIONAL PARAMETERS


           New/Additional Parameters
              TST           THE           TAC           TPO           TSE
              ________      ________      ________      ________      ________
                   51            52            53            54            55


           New/Additional Parameters
              TTR           TCO           TBE           TUN
              ________      ________      ________      ________
                   56            57            58            59


     STARTING VALUES


           NU
              MSD           MST           MHE           MAC           MPO
              ________      ________      ________      ________      ________
                4.771         3.200         3.626         3.660         3.237


           NU
              MSE           MTR           MCO           MBE           MUN
              ________      ________      ________      ________      ________
                4.033         3.780         3.897         5.226         5.142


           LAMBDA
              LMSD          LMST          LMHE          LMAC          LMPO
              ________      ________      ________      ________      ________
 MSD            0.800         0.000         0.000         0.000         0.000
 MST            0.000         0.800         0.000         0.000         0.000
 MHE            0.000         0.000         0.800         0.000         0.000
 MAC            0.000         0.000         0.000         0.800         0.000
 MPO            0.000         0.000         0.000         0.000         0.800
 MSE            0.000         0.000         0.000         0.000         0.000
 MTR            0.000         0.000         0.000         0.000         0.000
 MCO            0.000         0.000         0.000         0.000         0.000
 MBE            0.000         0.000         0.000         0.000         0.000
 MUN            0.000         0.000         0.000         0.000         0.000


           LAMBDA
              LMSE          LMTR          LMCO          LMBE          LMUN
              ________      ________      ________      ________      ________
 MSD            0.000         0.000         0.000         0.000         0.000
 MST            0.000         0.000         0.000         0.000         0.000
 MHE            0.000         0.000         0.000         0.000         0.000
 MAC            0.000         0.000         0.000         0.000         0.000
 MPO            0.000         0.000         0.000         0.000         0.000
 MSE            0.800         0.000         0.000         0.000         0.000
 MTR            0.000         0.800         0.000         0.000         0.000
 MCO            0.000         0.000         0.800         0.000         0.000
 MBE            0.000         0.000         0.000         0.800         0.000
 MUN            0.000         0.000         0.000         0.000         0.800


           LAMBDA
              GEN           COS1          SIN1
              ________      ________      ________
 MSD            0.000         0.000         0.000
 MST            0.000         0.000         0.000
 MHE            0.000         0.000         0.000
 MAC            0.000         0.000         0.000
 MPO            0.000         0.000         0.000
 MSE            0.000         0.000         0.000
 MTR            0.000         0.000         0.000
 MCO            0.000         0.000         0.000
 MBE            0.000         0.000         0.000
 MUN            0.000         0.000         0.000


           THETA
              MSD           MST           MHE           MAC           MPO
              ________      ________      ________      ________      ________
 MSD            0.500
 MST            0.000         0.500
 MHE            0.000         0.000         0.500
 MAC            0.000         0.000         0.000         0.500
 MPO            0.000         0.000         0.000         0.000         0.500
 MSE            0.000         0.000         0.000         0.000         0.000
 MTR            0.000         0.000         0.000         0.000         0.000
 MCO            0.000         0.000         0.000         0.000         0.000
 MBE            0.000         0.000         0.000         0.000         0.000
 MUN            0.000         0.000         0.000         0.000         0.000


           THETA
              MSE           MTR           MCO           MBE           MUN
              ________      ________      ________      ________      ________
 MSE            0.500
 MTR            0.000         0.500
 MCO            0.000         0.000         0.500
 MBE            0.000         0.000         0.000         0.500
 MUN            0.000         0.000         0.000         0.000         0.500


           ALPHA
              LMSD          LMST          LMHE          LMAC          LMPO
              ________      ________      ________      ________      ________
                0.000         0.000         0.000         0.000         0.000


           ALPHA
              LMSE          LMTR          LMCO          LMBE          LMUN
              ________      ________      ________      ________      ________
                0.000         0.000         0.000         0.000         0.000


           ALPHA
              GEN           COS1          SIN1
              ________      ________      ________
                0.000         0.000         0.000


           BETA
              LMSD          LMST          LMHE          LMAC          LMPO
              ________      ________      ________      ________      ________
 LMSD           0.000         0.000         0.000         0.000         0.000
 LMST           0.000         0.000         0.000         0.000         0.000
 LMHE           0.000         0.000         0.000         0.000         0.000
 LMAC           0.000         0.000         0.000         0.000         0.000
 LMPO           0.000         0.000         0.000         0.000         0.000
 LMSE           0.000         0.000         0.000         0.000         0.000
 LMTR           0.000         0.000         0.000         0.000         0.000
 LMCO           0.000         0.000         0.000         0.000         0.000
 LMBE           0.000         0.000         0.000         0.000         0.000
 LMUN           0.000         0.000         0.000         0.000         0.000
 GEN            0.000         0.000         0.000         0.000         0.000
 COS1           0.000         0.000         0.000         0.000         0.000
 SIN1           0.000         0.000         0.000         0.000         0.000


           BETA
              LMSE          LMTR          LMCO          LMBE          LMUN
              ________      ________      ________      ________      ________
 LMSD           0.000         0.000         0.000         0.000         0.000
 LMST           0.000         0.000         0.000         0.000         0.000
 LMHE           0.000         0.000         0.000         0.000         0.000
 LMAC           0.000         0.000         0.000         0.000         0.000
 LMPO           0.000         0.000         0.000         0.000         0.000
 LMSE           0.000         0.000         0.000         0.000         0.000
 LMTR           0.000         0.000         0.000         0.000         0.000
 LMCO           0.000         0.000         0.000         0.000         0.000
 LMBE           0.000         0.000         0.000         0.000         0.000
 LMUN           0.000         0.000         0.000         0.000         0.000
 GEN            0.000         0.000         0.000         0.000         0.000
 COS1           0.000         0.000         0.000         0.000         0.000
 SIN1           0.000         0.000         0.000         0.000         0.000


           BETA
              GEN           COS1          SIN1
              ________      ________      ________
 LMSD           1.000         1.000         0.000
 LMST           1.000         0.990        -0.130
 LMHE           1.000         0.970         0.260
 LMAC           1.000         0.580         0.820
 LMPO           1.000         0.440         0.900
 LMSE           1.000        -0.170         0.990
 LMTR           1.000        -0.320         0.950
 LMCO           1.000        -0.280         0.960
 LMBE           1.000         0.290         0.960
 LMUN           1.000         0.910        -0.420
 GEN            0.000         0.000         0.000
 COS1           0.000         0.000         0.000
 SIN1           0.000         0.000         0.000


           PSI
              LMSD          LMST          LMHE          LMAC          LMPO
              ________      ________      ________      ________      ________
 LMSD           0.000
 LMST           0.000         0.000
 LMHE           0.000         0.000         0.000
 LMAC           0.000         0.000         0.000         0.000
 LMPO           0.000         0.000         0.000         0.000         0.000
 LMSE           0.000         0.000         0.000         0.000         0.000
 LMTR           0.000         0.000         0.000         0.000         0.000
 LMCO           0.000         0.000         0.000         0.000         0.000
 LMBE           0.000         0.000         0.000         0.000         0.000
 LMUN           0.000         0.000         0.000         0.000         0.000
 GEN            0.000         0.000         0.000         0.000         0.000
 COS1           0.000         0.000         0.000         0.000         0.000
 SIN1           0.000         0.000         0.000         0.000         0.000


           PSI
              LMSE          LMTR          LMCO          LMBE          LMUN
              ________      ________      ________      ________      ________
 LMSE           0.000
 LMTR           0.000         0.000
 LMCO           0.000         0.000         0.000
 LMBE           0.000         0.000         0.000         0.000
 LMUN           0.000         0.000         0.000         0.000         0.000
 GEN            0.000         0.000         0.000         0.000         0.000
 COS1           0.000         0.000         0.000         0.000         0.000
 SIN1           0.000         0.000         0.000         0.000         0.000


           PSI
              GEN           COS1          SIN1
              ________      ________      ________
 GEN            0.100
 COS1           0.000         0.500
 SIN1           0.000         0.000         0.500


     STARTING VALUES FOR THE ADDITIONAL PARAMETERS


           New/Additional Parameters
              TST           THE           TAC           TPO           TSE
              ________      ________      ________      ________      ________
                0.580         0.420         1.610         1.890         3.660


           New/Additional Parameters
              TTR           TCO           TBE           TUN
              ________      ________      ________      ________
                3.970         3.460         5.080         5.040


     Beginning Time:  14:41:54
        Ending Time:  14:41:54
       Elapsed Time:  00:00:00



MUTHEN & MUTHEN
3463 Stoner Ave.
Los Angeles, CA  90066

Tel: (310) 391-9971
Fax: (310) 391-8971
Web: www.StatModel.com
Support: Support@StatModel.com

Copyright (c) 1998-2021 Muthen & Muthen
